<?xml version="1.0" encoding="UTF-8"?>
<!-- Generated by org.testng.reporters.JUnitReportReporter -->
<testsuite hostname="Komputer" failures="0" tests="1" name="com.computerProject.FirstTest" time="0.003" errors="0" timestamp="2024-09-10T13:34:02 CEST" skipped="0">
  <testcase classname="com.computerProject.FirstTest" name="myFirstTest" time="0.003"/>
</testsuite> <!-- com.computerProject.FirstTest -->
